NOTIFY * HTTP/1.1
LOCATION: http://10.1.9.97:52530/
DATE: Thu, 12 Nov 2015 1:19:23 GMT
HOST: 239.255.255.250:1900
SERVER: WINDOWS, UPnP/1.0, Intel MicroStack/1.0.1497
NTS: ssdp:alive
USN: uuid:b76a6f87-1124-1ddd-4912-8da59c32e16a::urn:schemas-cyberlink-com:service:SyncControl:1
CACHE-CONTROL: max-age=300
NT: urn:schemas-cyberlink-com:service:SyncControl:1


M-SEARCH * HTTP/1.1
HOST: 239.255.255.250:1900
MAN: "ssdp:discover"
MX: 1
ST: urn:dial-multiscreen-org:service:dial:1
USER-AGENT: Google Chrome/45.0.2454.101 Linux


NOTIFY * HTTP/1.1
Host: 239.255.255.250:1900
Cache-Control: max-age=120
Location: http://10.1.9.227:80/cgi-bin/gethwinfo
Server: Linux UPnP/1.0 AVerUPnP/1.0
NT: urn:schemas-avermedia-com:avercaster:1
USN: uuid:00000000-0000-0000-0000-000000000000::urn:schemas-avermedia-com:avercaster:1
NTS: ssdp:alive


NOTIFY * HTTP/1.1
Host: 239.255.255.250:1900
Cache-Control: max-age=120
Location: http://10.1.9.227:80/cgi-bin/gethwinfo
Server: Linux UPnP/1.0 AVerUPnP/1.0
NT: urn:schemas-avermedia-com:avercaster:1
USN: uuid:00000000-0000-0000-0000-000000000000::urn:schemas-avermedia-com:avercaster:1
NTS: ssdp:alive


NOTIFY * HTTP/1.1
Host: 239.255.255.250:1900
Cache-Control: max-age=120
Location: http://10.1.9.227:80/cgi-bin/gethwinfo
Server: Linux UPnP/1.0 AVerUPnP/1.0
NT: urn:schemas-avermedia-com:avercaster:1
USN: uuid:00000000-0000-0000-0000-000000000000::urn:schemas-avermedia-com:avercaster:1
NTS: ssdp:alive


NOTIFY * HTTP/1.1
LOCATION: http://10.1.9.97:52530/
DATE: Thu, 12 Nov 2015 1:19:24 GMT
HOST: 239.255.255.250:1900
SERVER: WINDOWS, UPnP/1.0, Intel MicroStack/1.0.1497
NTS: ssdp:alive
USN: uuid:b76a6f87-1124-1ddd-4912-8da59c32e16a::upnp:rootdevice
CACHE-CONTROL: max-age=300
NT: upnp:rootdevice


M-SEARCH * HTTP/1.1
ST: urn:schemas-avermedia-com:avercaster:1
MX: 10
MAN: "ssdp:discover"
HOST: 239.255.255.250:1900


M-SEARCH * HTTP/1.1
ST: urn:schemas-avermedia-com:avercaster:1
MX: 10
MAN: "ssdp:discover"
HOST: 239.255.255.250:1900


NOTIFY * HTTP/1.1
Host: 239.255.255.250:1900
Cache-Control: max-age=120
Location: http://10.1.9.59:80/cgi-bin/gethwinfo
Server: Linux UPnP/1.0 AVerUPnP/1.0
NT: urn:schemas-avermedia-com:avercaster:1
USN: uuid:00000000-0000-0000-0000-000000000000::urn:schemas-avermedia-com:avercaster:1
NTS: ssdp:alive


NOTIFY * HTTP/1.1
Host: 239.255.255.250:1900
Cache-Control: max-age=120
Location: http://10.1.9.59:80/cgi-bin/gethwinfo
Server: Linux UPnP/1.0 AVerUPnP/1.0
NT: urn:schemas-avermedia-com:avercaster:1
USN: uuid:00000000-0000-0000-0000-000000000000::urn:schemas-avermedia-com:avercaster:1
NTS: ssdp:alive


NOTIFY * HTTP/1.1
Host: 239.255.255.250:1900
Cache-Control: max-age=120
Location: http://10.1.9.59:80/cgi-bin/gethwinfo
Server: Linux UPnP/1.0 AVerUPnP/1.0
NT: urn:schemas-avermedia-com:avercaster:1
USN: uuid:00000000-0000-0000-0000-000000000000::urn:schemas-avermedia-com:avercaster:1
NTS: ssdp:alive


NOTIFY * HTTP/1.1
Host: 239.255.255.250:1900
Cache-Control: max-age=120
Location: http://10.1.9.81:80/cgi-bin/gethwinfo
Server: Linux UPnP/1.0 AVerUPnP/1.0
NT: urn:schemas-avermedia-com:avercaster:1
USN: uuid:00000000-0000-0000-0000-000000000000::urn:schemas-avermedia-com:avercaster:1
NTS: ssdp:alive


NOTIFY * HTTP/1.1
Host: 239.255.255.250:1900
Cache-Control: max-age=120
Location: http://10.1.9.81:80/cgi-bin/gethwinfo
Server: Linux UPnP/1.0 AVerUPnP/1.0
NT: urn:schemas-avermedia-com:avercaster:1
USN: uuid:00000000-0000-0000-0000-000000000000::urn:schemas-avermedia-com:avercaster:1
NTS: ssdp:alive


NOTIFY * HTTP/1.1
Host: 239.255.255.250:1900
Cache-Control: max-age=120
Location: http://10.1.9.81:80/cgi-bin/gethwinfo
Server: Linux UPnP/1.0 AVerUPnP/1.0
NT: urn:schemas-avermedia-com:avercaster:1
USN: uuid:00000000-0000-0000-0000-000000000000::urn:schemas-avermedia-com:avercaster:1
NTS: ssdp:alive


M-SEARCH * HTTP/1.1
ST: urn:schemas-avermedia-com:avercaster:1
MX: 10
MAN: "ssdp:discover"
HOST: 239.255.255.250:1900


NOTIFY * HTTP/1.1
Host: 239.255.255.250:1900
Cache-Control: max-age=120
Location: http://10.1.9.227:80/cgi-bin/gethwinfo
Server: Linux UPnP/1.0 AVerUPnP/1.0
NT: urn:schemas-avermedia-com:avercaster:1
USN: uuid:00000000-0000-0000-0000-000000000000::urn:schemas-avermedia-com:avercaster:1
NTS: ssdp:alive


NOTIFY * HTTP/1.1
Host: 239.255.255.250:1900
Cache-Control: max-age=120
Location: http://10.1.9.227:80/cgi-bin/gethwinfo
Server: Linux UPnP/1.0 AVerUPnP/1.0
NT: urn:schemas-avermedia-com:avercaster:1
USN: uuid:00000000-0000-0000-0000-000000000000::urn:schemas-avermedia-com:avercaster:1
NTS: ssdp:alive


NOTIFY * HTTP/1.1
Host: 239.255.255.250:1900
Cache-Control: max-age=120
Location: http://10.1.9.227:80/cgi-bin/gethwinfo
Server: Linux UPnP/1.0 AVerUPnP/1.0
NT: urn:schemas-avermedia-com:avercaster:1
USN: uuid:00000000-0000-0000-0000-000000000000::urn:schemas-avermedia-com:avercaster:1
NTS: ssdp:alive


M-SEARCH * HTTP/1.1
ST: urn:schemas-avermedia-com:avercaster:1
MX: 10
MAN: "ssdp:discover"
HOST: 239.255.255.250:1900


NOTIFY * HTTP/1.1
LOCATION: http://10.1.9.97:52530/
DATE: Thu, 12 Nov 2015 1:19:29 GMT
HOST: 239.255.255.250:1900
SERVER: WINDOWS, UPnP/1.0, Intel MicroStack/1.0.1497
NTS: ssdp:alive
USN: uuid:b76a6f87-1124-1ddd-4912-8da59c32e16a::urn:schemas-upnp-org:service:ConnectionManager:1
CACHE-CONTROL: max-age=300
NT: urn:schemas-upnp-org:service:ConnectionManager:1


NOTIFY * HTTP/1.1
LOCATION: http://10.1.9.97:52530/
DATE: Thu, 12 Nov 2015 1:19:30 GMT
HOST: 239.255.255.250:1900
SERVER: WINDOWS, UPnP/1.0, Intel MicroStack/1.0.1497
NTS: ssdp:alive
USN: uuid:b76a6f87-1124-1ddd-4912-8da59c32e16a::urn:schemas-upnp-org:device:MediaServer:1
CACHE-CONTROL: max-age=300
NT: urn:schemas-upnp-org:device:MediaServer:1


M-SEARCH * HTTP/1.1
ST: urn:schemas-avermedia-com:avercaster:1
MX: 10
MAN: "ssdp:discover"
HOST: 239.255.255.250:1900


NOTIFY * HTTP/1.1
LOCATION: http://10.1.9.97:52530/
DATE: Thu, 12 Nov 2015 1:19:30 GMT
HOST: 239.255.255.250:1900
SERVER: WINDOWS, UPnP/1.0, Intel MicroStack/1.0.1497
NTS: ssdp:alive
USN: uuid:b76a6f87-1124-1ddd-4912-8da59c32e16a
CACHE-CONTROL: max-age=300
NT: uuid:b76a6f87-1124-1ddd-4912-8da59c32e16a


NOTIFY * HTTP/1.1
LOCATION: http://10.1.9.97:52530/
DATE: Thu, 12 Nov 2015 1:19:30 GMT
HOST: 239.255.255.250:1900
SERVER: WINDOWS, UPnP/1.0, Intel MicroStack/1.0.1497
NTS: ssdp:alive
USN: uuid:b76a6f87-1124-1ddd-4912-8da59c32e16a::urn:microsoft.com:service:X_MS_MediaReceiverRegistrar:1
CACHE-CONTROL: max-age=300
NT: urn:microsoft.com:service:X_MS_MediaReceiverRegistrar:1


NOTIFY * HTTP/1.1
Host: 239.255.255.250:1900
Cache-Control: max-age=120
Location: http://10.1.9.59:80/cgi-bin/gethwinfo
Server: Linux UPnP/1.0 AVerUPnP/1.0
NT: urn:schemas-avermedia-com:avercaster:1
USN: uuid:00000000-0000-0000-0000-000000000000::urn:schemas-avermedia-com:avercaster:1
NTS: ssdp:alive


NOTIFY * HTTP/1.1
Host: 239.255.255.250:1900
Cache-Control: max-age=120
Location: http://10.1.9.59:80/cgi-bin/gethwinfo
Server: Linux UPnP/1.0 AVerUPnP/1.0
NT: urn:schemas-avermedia-com:avercaster:1
USN: uuid:00000000-0000-0000-0000-000000000000::urn:schemas-avermedia-com:avercaster:1
NTS: ssdp:alive


NOTIFY * HTTP/1.1
Host: 239.255.255.250:1900
Cache-Control: max-age=120
Location: http://10.1.9.59:80/cgi-bin/gethwinfo
Server: Linux UPnP/1.0 AVerUPnP/1.0
NT: urn:schemas-avermedia-com:avercaster:1
USN: uuid:00000000-0000-0000-0000-000000000000::urn:schemas-avermedia-com:avercaster:1
NTS: ssdp:alive


NOTIFY * HTTP/1.1
Host: 239.255.255.250:1900
Cache-Control: max-age=120
Location: http://10.1.9.81:80/cgi-bin/gethwinfo
Server: Linux UPnP/1.0 AVerUPnP/1.0
NT: urn:schemas-avermedia-com:avercaster:1
USN: uuid:00000000-0000-0000-0000-000000000000::urn:schemas-avermedia-com:avercaster:1
NTS: ssdp:alive


NOTIFY * HTTP/1.1
Host: 239.255.255.250:1900
Cache-Control: max-age=120
Location: http://10.1.9.81:80/cgi-bin/gethwinfo
Server: Linux UPnP/1.0 AVerUPnP/1.0
NT: urn:schemas-avermedia-com:avercaster:1
USN: uuid:00000000-0000-0000-0000-000000000000::urn:schemas-avermedia-com:avercaster:1
NTS: ssdp:alive


NOTIFY * HTTP/1.1
Host: 239.255.255.250:1900
Cache-Control: max-age=120
Location: http://10.1.9.81:80/cgi-bin/gethwinfo
Server: Linux UPnP/1.0 AVerUPnP/1.0
NT: urn:schemas-avermedia-com:avercaster:1
USN: uuid:00000000-0000-0000-0000-000000000000::urn:schemas-avermedia-com:avercaster:1
NTS: ssdp:alive


NOTIFY * HTTP/1.1
LOCATION: http://10.1.9.97:52530/
DATE: Thu, 12 Nov 2015 1:19:31 GMT
HOST: 239.255.255.250:1900
SERVER: WINDOWS, UPnP/1.0, Intel MicroStack/1.0.1497
NTS: ssdp:alive
USN: uuid:b76a6f87-1124-1ddd-4912-8da59c32e16a::urn:microsoft.com:service:X_MS_MediaReceiverRegistrar:1
CACHE-CONTROL: max-age=300
NT: urn:microsoft.com:service:X_MS_MediaReceiverRegistrar:1


NOTIFY * HTTP/1.1
LOCATION: http://10.1.9.97:52530/
DATE: Thu, 12 Nov 2015 1:19:31 GMT
HOST: 239.255.255.250:1900
SERVER: WINDOWS, UPnP/1.0, Intel MicroStack/1.0.1497
NTS: ssdp:alive
USN: uuid:b76a6f87-1124-1ddd-4912-8da59c32e16a::urn:schemas-cyberlink-com:service:RemoteControl:1
CACHE-CONTROL: max-age=300
NT: urn:schemas-cyberlink-com:service:RemoteControl:1


NOTIFY * HTTP/1.1
LOCATION: http://10.1.9.97:52530/
DATE: Thu, 12 Nov 2015 1:19:31 GMT
HOST: 239.255.255.250:1900
SERVER: WINDOWS, UPnP/1.0, Intel MicroStack/1.0.1497
NTS: ssdp:alive
USN: uuid:b76a6f87-1124-1ddd-4912-8da59c32e16a::urn:schemas-cyberlink-com:service:SyncControl:1
CACHE-CONTROL: max-age=300
NT: urn:schemas-cyberlink-com:service:SyncControl:1


NOTIFY * HTTP/1.1
LOCATION: http://10.1.9.97:52530/
DATE: Thu, 12 Nov 2015 1:19:31 GMT
HOST: 239.255.255.250:1900
SERVER: WINDOWS, UPnP/1.0, Intel MicroStack/1.0.1497
NTS: ssdp:alive
USN: uuid:b76a6f87-1124-1ddd-4912-8da59c32e16a::urn:schemas-upnp-org:service:ContentDirectory:1
CACHE-CONTROL: max-age=300
NT: urn:schemas-upnp-org:service:ContentDirectory:1


M-SEARCH * HTTP/1.1
ST: urn:schemas-avermedia-com:avercaster:1
MX: 10
MAN: "ssdp:discover"
HOST: 239.255.255.250:1900


NOTIFY * HTTP/1.1
LOCATION: http://10.1.9.97:52530/
DATE: Thu, 12 Nov 2015 1:19:31 GMT
HOST: 239.255.255.250:1900
SERVER: WINDOWS, UPnP/1.0, Intel MicroStack/1.0.1497
NTS: ssdp:alive
USN: uuid:b76a6f87-1124-1ddd-4912-8da59c32e16a::upnp:rootdevice
CACHE-CONTROL: max-age=300
NT: upnp:rootdevice


NOTIFY * HTTP/1.1
LOCATION: http://10.1.9.97:52530/
DATE: Thu, 12 Nov 2015 1:19:31 GMT
HOST: 239.255.255.250:1900
SERVER: WINDOWS, UPnP/1.0, Intel MicroStack/1.0.1497
NTS: ssdp:alive
USN: uuid:b76a6f87-1124-1ddd-4912-8da59c32e16a::urn:schemas-upnp-org:service:ConnectionManager:1
CACHE-CONTROL: max-age=300
NT: urn:schemas-upnp-org:service:ConnectionManager:1


NOTIFY * HTTP/1.1
Host: 239.255.255.250:1900
Cache-Control: max-age=120
Location: http://10.1.9.227:80/cgi-bin/gethwinfo
Server: Linux UPnP/1.0 AVerUPnP/1.0
NT: urn:schemas-avermedia-com:avercaster:1
USN: uuid:00000000-0000-0000-0000-000000000000::urn:schemas-avermedia-com:avercaster:1
NTS: ssdp:alive


NOTIFY * HTTP/1.1
Host: 239.255.255.250:1900
Cache-Control: max-age=120
Location: http://10.1.9.227:80/cgi-bin/gethwinfo
Server: Linux UPnP/1.0 AVerUPnP/1.0
NT: urn:schemas-avermedia-com:avercaster:1
USN: uuid:00000000-0000-0000-0000-000000000000::urn:schemas-avermedia-com:avercaster:1
NTS: ssdp:alive


NOTIFY * HTTP/1.1
Host: 239.255.255.250:1900
Cache-Control: max-age=120
Location: http://10.1.9.227:80/cgi-bin/gethwinfo
Server: Linux UPnP/1.0 AVerUPnP/1.0
NT: urn:schemas-avermedia-com:avercaster:1
USN: uuid:00000000-0000-0000-0000-000000000000::urn:schemas-avermedia-com:avercaster:1
NTS: ssdp:alive


M-SEARCH * HTTP/1.1
ST: urn:schemas-avermedia-com:avercaster:1
MX: 10
MAN: "ssdp:discover"
HOST: 239.255.255.250:1900


NOTIFY * HTTP/1.1
LOCATION: http://10.1.9.97:52530/
DATE: Thu, 12 Nov 2015 1:19:33 GMT
HOST: 239.255.255.250:1900
SERVER: WINDOWS, UPnP/1.0, Intel MicroStack/1.0.1497
NTS: ssdp:alive
USN: uuid:b76a6f87-1124-1ddd-4912-8da59c32e16a
CACHE-CONTROL: max-age=300
NT: uuid:b76a6f87-1124-1ddd-4912-8da59c32e16a


NOTIFY * HTTP/1.1
LOCATION: http://10.1.9.97:52530/
DATE: Thu, 12 Nov 2015 1:19:33 GMT
HOST: 239.255.255.250:1900
SERVER: WINDOWS, UPnP/1.0, Intel MicroStack/1.0.1497
NTS: ssdp:alive
USN: uuid:b76a6f87-1124-1ddd-4912-8da59c32e16a::urn:schemas-upnp-org:device:MediaServer:1
CACHE-CONTROL: max-age=300
NT: urn:schemas-upnp-org:device:MediaServer:1


NOTIFY * HTTP/1.1
LOCATION: http://10.1.9.97:52530/
DATE: Thu, 12 Nov 2015 1:19:33 GMT
HOST: 239.255.255.250:1900
SERVER: WINDOWS, UPnP/1.0, Intel MicroStack/1.0.1497
NTS: ssdp:alive
USN: uuid:b76a6f87-1124-1ddd-4912-8da59c32e16a::urn:schemas-cyberlink-com:service:RemoteControl:1
CACHE-CONTROL: max-age=300
NT: urn:schemas-cyberlink-com:service:RemoteControl:1


NOTIFY * HTTP/1.1
LOCATION: http://10.1.9.97:52530/
DATE: Thu, 12 Nov 2015 1:19:33 GMT
HOST: 239.255.255.250:1900
SERVER: WINDOWS, UPnP/1.0, Intel MicroStack/1.0.1497
NTS: ssdp:alive
USN: uuid:b76a6f87-1124-1ddd-4912-8da59c32e16a::urn:schemas-upnp-org:service:ContentDirectory:1
CACHE-CONTROL: max-age=300
NT: urn:schemas-upnp-org:service:ContentDirectory:1


NOTIFY * HTTP/1.1
LOCATION: http://10.1.9.97:52530/
DATE: Thu, 12 Nov 2015 1:19:33 GMT
HOST: 239.255.255.250:1900
SERVER: WINDOWS, UPnP/1.0, Intel MicroStack/1.0.1497
NTS: ssdp:alive
USN: uuid:b76a6f87-1124-1ddd-4912-8da59c32e16a::urn:schemas-cyberlink-com:service:SyncControl:1
CACHE-CONTROL: max-age=300
NT: urn:schemas-cyberlink-com:service:SyncControl:1


M-SEARCH * HTTP/1.1
ST: urn:schemas-avermedia-com:avercaster:1
MX: 10
MAN: "ssdp:discover"
HOST: 239.255.255.250:1900


NOTIFY * HTTP/1.1
LOCATION: http://10.1.9.97:52530/
DATE: Thu, 12 Nov 2015 1:19:34 GMT
HOST: 239.255.255.250:1900
SERVER: WINDOWS, UPnP/1.0, Intel MicroStack/1.0.1497
NTS: ssdp:alive
USN: uuid:b76a6f87-1124-1ddd-4912-8da59c32e16a::upnp:rootdevice
CACHE-CONTROL: max-age=300
NT: upnp:rootdevice


NOTIFY * HTTP/1.1
Host: 239.255.255.250:1900
Cache-Control: max-age=120
Location: http://10.1.9.59:80/cgi-bin/gethwinfo
Server: Linux UPnP/1.0 AVerUPnP/1.0
NT: urn:schemas-avermedia-com:avercaster:1
USN: uuid:00000000-0000-0000-0000-000000000000::urn:schemas-avermedia-com:avercaster:1
NTS: ssdp:alive


NOTIFY * HTTP/1.1
Host: 239.255.255.250:1900
Cache-Control: max-age=120
Location: http://10.1.9.59:80/cgi-bin/gethwinfo
Server: Linux UPnP/1.0 AVerUPnP/1.0
NT: urn:schemas-avermedia-com:avercaster:1
USN: uuid:00000000-0000-0000-0000-000000000000::urn:schemas-avermedia-com:avercaster:1
NTS: ssdp:alive


NOTIFY * HTTP/1.1
Host: 239.255.255.250:1900
Cache-Control: max-age=120
Location: http://10.1.9.59:80/cgi-bin/gethwinfo
Server: Linux UPnP/1.0 AVerUPnP/1.0
NT: urn:schemas-avermedia-com:avercaster:1
USN: uuid:00000000-0000-0000-0000-000000000000::urn:schemas-avermedia-com:avercaster:1
NTS: ssdp:alive


M-SEARCH * HTTP/1.1
ST: urn:schemas-avermedia-com:avercaster:1
MX: 10
MAN: "ssdp:discover"
HOST: 239.255.255.250:1900


M-SEARCH * HTTP/1.1
ST: urn:schemas-avermedia-com:avercaster:1
MX: 10
MAN: "ssdp:discover"
HOST: 239.255.255.250:1900


M-SEARCH * HTTP/1.1
ST: urn:schemas-avermedia-com:avercaster:1
MX: 10
MAN: "ssdp:discover"
HOST: 239.255.255.250:1900


NOTIFY * HTTP/1.1
LOCATION: http://10.1.9.97:52530/
DATE: Thu, 12 Nov 2015 1:19:39 GMT
HOST: 239.255.255.250:1900
SERVER: WINDOWS, UPnP/1.0, Intel MicroStack/1.0.1497
NTS: ssdp:alive
USN: uuid:b76a6f87-1124-1ddd-4912-8da59c32e16a::urn:schemas-upnp-org:service:ConnectionManager:1
CACHE-CONTROL: max-age=300
NT: urn:schemas-upnp-org:service:ConnectionManager:1


M-SEARCH * HTTP/1.1
ST: urn:schemas-avermedia-com:avercaster:1
MX: 10
MAN: "ssdp:discover"
HOST: 239.255.255.250:1900


NOTIFY * HTTP/1.1
LOCATION: http://10.1.9.97:52530/
DATE: Thu, 12 Nov 2015 1:19:40 GMT
HOST: 239.255.255.250:1900
SERVER: WINDOWS, UPnP/1.0, Intel MicroStack/1.0.1497
NTS: ssdp:alive
USN: uuid:b76a6f87-1124-1ddd-4912-8da59c32e16a::urn:schemas-upnp-org:device:MediaServer:1
CACHE-CONTROL: max-age=300
NT: urn:schemas-upnp-org:device:MediaServer:1


NOTIFY * HTTP/1.1
Host: 239.255.255.250:1900
Cache-Control: max-age=120
Location: http://10.1.9.227:80/cgi-bin/gethwinfo
Server: Linux UPnP/1.0 AVerUPnP/1.0
NT: urn:schemas-avermedia-com:avercaster:1
USN: uuid:00000000-0000-0000-0000-000000000000::urn:schemas-avermedia-com:avercaster:1
NTS: ssdp:alive


NOTIFY * HTTP/1.1
Host: 239.255.255.250:1900
Cache-Control: max-age=120
Location: http://10.1.9.227:80/cgi-bin/gethwinfo
Server: Linux UPnP/1.0 AVerUPnP/1.0
NT: urn:schemas-avermedia-com:avercaster:1
USN: uuid:00000000-0000-0000-0000-000000000000::urn:schemas-avermedia-com:avercaster:1
NTS: ssdp:alive


NOTIFY * HTTP/1.1
Host: 239.255.255.250:1900
Cache-Control: max-age=120
Location: http://10.1.9.227:80/cgi-bin/gethwinfo
Server: Linux UPnP/1.0 AVerUPnP/1.0
NT: urn:schemas-avermedia-com:avercaster:1
USN: uuid:00000000-0000-0000-0000-000000000000::urn:schemas-avermedia-com:avercaster:1
NTS: ssdp:alive


NOTIFY * HTTP/1.1
LOCATION: http://10.1.9.97:52530/
DATE: Thu, 12 Nov 2015 1:19:40 GMT
HOST: 239.255.255.250:1900
SERVER: WINDOWS, UPnP/1.0, Intel MicroStack/1.0.1497
NTS: ssdp:alive
USN: uuid:b76a6f87-1124-1ddd-4912-8da59c32e16a
CACHE-CONTROL: max-age=300
NT: uuid:b76a6f87-1124-1ddd-4912-8da59c32e16a


NOTIFY * HTTP/1.1
LOCATION: http://10.1.9.97:52530/
DATE: Thu, 12 Nov 2015 1:19:40 GMT
HOST: 239.255.255.250:1900
SERVER: WINDOWS, UPnP/1.0, Intel MicroStack/1.0.1497
NTS: ssdp:alive
USN: uuid:b76a6f87-1124-1ddd-4912-8da59c32e16a::urn:microsoft.com:service:X_MS_MediaReceiverRegistrar:1
CACHE-CONTROL: max-age=300
NT: urn:microsoft.com:service:X_MS_MediaReceiverRegistrar:1


M-SEARCH * HTTP/1.1
ST: urn:schemas-avermedia-com:avercaster:1
MX: 10
MAN: "ssdp:discover"
HOST: 239.255.255.250:1900


NOTIFY * HTTP/1.1
LOCATION: http://10.1.9.97:52530/
DATE: Thu, 12 Nov 2015 1:19:41 GMT
HOST: 239.255.255.250:1900
SERVER: WINDOWS, UPnP/1.0, Intel MicroStack/1.0.1497
NTS: ssdp:alive
USN: uuid:b76a6f87-1124-1ddd-4912-8da59c32e16a::urn:microsoft.com:service:X_MS_MediaReceiverRegistrar:1
CACHE-CONTROL: max-age=300
NT: urn:microsoft.com:service:X_MS_MediaReceiverRegistrar:1


NOTIFY * HTTP/1.1
LOCATION: http://10.1.9.97:52530/
DATE: Thu, 12 Nov 2015 1:19:41 GMT
HOST: 239.255.255.250:1900
SERVER: WINDOWS, UPnP/1.0, Intel MicroStack/1.0.1497
NTS: ssdp:alive
USN: uuid:b76a6f87-1124-1ddd-4912-8da59c32e16a::urn:schemas-cyberlink-com:service:RemoteControl:1
CACHE-CONTROL: max-age=300
NT: urn:schemas-cyberlink-com:service:RemoteControl:1


NOTIFY * HTTP/1.1
LOCATION: http://10.1.9.97:52530/
DATE: Thu, 12 Nov 2015 1:19:41 GMT
HOST: 239.255.255.250:1900
SERVER: WINDOWS, UPnP/1.0, Intel MicroStack/1.0.1497
NTS: ssdp:alive
USN: uuid:b76a6f87-1124-1ddd-4912-8da59c32e16a::urn:schemas-cyberlink-com:service:SyncControl:1
CACHE-CONTROL: max-age=300
NT: urn:schemas-cyberlink-com:service:SyncControl:1


NOTIFY * HTTP/1.1
Host:239.255.255.250:1900
NT:urn:schemas-upnp-org:service:ConnectionManager:1
NTS:ssdp:alive
Location:http://10.1.9.53:2869/upnphost/udhisapi.dll?content=uuid:9da644f7-f226-4c6e-948c-d2f2a26b7904
USN:uuid:9da644f7-f226-4c6e-948c-d2f2a26b7904::urn:schemas-upnp-org:service:ConnectionManager:1
Cache-Control:max-age=900
Server:Microsoft-Windows-NT/5.1 UPnP/1.0 UPnP-Device-Host/1.0
OPT:"http://schemas.upnp.org/upnp/1/0/"; ns=01
01-NLS:881c4f2dc77f1ca34a31c72527c7e9a3


NOTIFY * HTTP/1.1
Host:239.255.255.250:1900
NT:urn:schemas-upnp-org:service:ContentDirectory:1
NTS:ssdp:alive
Location:http://10.1.9.53:2869/upnphost/udhisapi.dll?content=uuid:9da644f7-f226-4c6e-948c-d2f2a26b7904
USN:uuid:9da644f7-f226-4c6e-948c-d2f2a26b7904::urn:schemas-upnp-org:service:ContentDirectory:1
Cache-Control:max-age=900
Server:Microsoft-Windows-NT/5.1 UPnP/1.0 UPnP-Device-Host/1.0
OPT:"http://schemas.upnp.org/upnp/1/0/"; ns=01
01-NLS:881c4f2dc77f1ca34a31c72527c7e9a3


NOTIFY * HTTP/1.1
LOCATION: http://10.1.9.97:52530/
DATE: Thu, 12 Nov 2015 1:19:41 GMT
HOST: 239.255.255.250:1900
SERVER: WINDOWS, UPnP/1.0, Intel MicroStack/1.0.1497
NTS: ssdp:alive
USN: uuid:b76a6f87-1124-1ddd-4912-8da59c32e16a::urn:schemas-upnp-org:service:ContentDirectory:1
CACHE-CONTROL: max-age=300
NT: urn:schemas-upnp-org:service:ContentDirectory:1


NOTIFY * HTTP/1.1
LOCATION: http://10.1.9.97:52530/
DATE: Thu, 12 Nov 2015 1:19:41 GMT
HOST: 239.255.255.250:1900
SERVER: WINDOWS, UPnP/1.0, Intel MicroStack/1.0.1497
NTS: ssdp:alive
USN: uuid:b76a6f87-1124-1ddd-4912-8da59c32e16a::upnp:rootdevice
CACHE-CONTROL: max-age=300
NT: upnp:rootdevice


NOTIFY * HTTP/1.1
LOCATION: http://10.1.9.97:52530/
DATE: Thu, 12 Nov 2015 1:19:41 GMT
HOST: 239.255.255.250:1900
SERVER: WINDOWS, UPnP/1.0, Intel MicroStack/1.0.1497
NTS: ssdp:alive
USN: uuid:b76a6f87-1124-1ddd-4912-8da59c32e16a::urn:schemas-upnp-org:service:ConnectionManager:1
CACHE-CONTROL: max-age=300
NT: urn:schemas-upnp-org:service:ConnectionManager:1


M-SEARCH * HTTP/1.1
ST: urn:schemas-avermedia-com:avercaster:1
MX: 10
MAN: "ssdp:discover"
HOST: 239.255.255.250:1900


NOTIFY * HTTP/1.1
LOCATION: http://10.1.9.97:52530/
DATE: Thu, 12 Nov 2015 1:19:43 GMT
HOST: 239.255.255.250:1900
SERVER: WINDOWS, UPnP/1.0, Intel MicroStack/1.0.1497
NTS: ssdp:alive
USN: uuid:b76a6f87-1124-1ddd-4912-8da59c32e16a
CACHE-CONTROL: max-age=300
NT: uuid:b76a6f87-1124-1ddd-4912-8da59c32e16a


NOTIFY * HTTP/1.1
LOCATION: http://10.1.9.97:52530/
DATE: Thu, 12 Nov 2015 1:19:43 GMT
HOST: 239.255.255.250:1900
SERVER: WINDOWS, UPnP/1.0, Intel MicroStack/1.0.1497
NTS: ssdp:alive
USN: uuid:b76a6f87-1124-1ddd-4912-8da59c32e16a::urn:schemas-upnp-org:device:MediaServer:1
CACHE-CONTROL: max-age=300
NT: urn:schemas-upnp-org:device:MediaServer:1


NOTIFY * HTTP/1.1
LOCATION: http://10.1.9.97:52530/
DATE: Thu, 12 Nov 2015 1:19:43 GMT
HOST: 239.255.255.250:1900
SERVER: WINDOWS, UPnP/1.0, Intel MicroStack/1.0.1497
NTS: ssdp:alive
USN: uuid:b76a6f87-1124-1ddd-4912-8da59c32e16a::urn:schemas-cyberlink-com:service:RemoteControl:1
CACHE-CONTROL: max-age=300
NT: urn:schemas-cyberlink-com:service:RemoteControl:1


NOTIFY * HTTP/1.1
LOCATION: http://10.1.9.97:52530/
DATE: Thu, 12 Nov 2015 1:19:43 GMT
HOST: 239.255.255.250:1900
SERVER: WINDOWS, UPnP/1.0, Intel MicroStack/1.0.1497
NTS: ssdp:alive
USN: uuid:b76a6f87-1124-1ddd-4912-8da59c32e16a::urn:schemas-upnp-org:service:ContentDirectory:1
CACHE-CONTROL: max-age=300
NT: urn:schemas-upnp-org:service:ContentDirectory:1


NOTIFY * HTTP/1.1
Host: 239.255.255.250:1900
Cache-Control: max-age=120
Location: http://10.1.9.8:80/devicelist.xml
Server: AVerUPnP/1.0
NT: urn:schemas-avermedia-com:homefree:2
USN: uuid:00000000-0000-0000-0000-000000000000::urn:schemas-avermedia-com:homefree:2
NTS: ssdp:alive


NOTIFY * HTTP/1.1
LOCATION: http://10.1.9.97:52530/
DATE: Thu, 12 Nov 2015 1:19:43 GMT
HOST: 239.255.255.250:1900
SERVER: WINDOWS, UPnP/1.0, Intel MicroStack/1.0.1497
NTS: ssdp:alive
USN: uuid:b76a6f87-1124-1ddd-4912-8da59c32e16a::urn:schemas-cyberlink-com:service:SyncControl:1
CACHE-CONTROL: max-age=300
NT: urn:schemas-cyberlink-com:service:SyncControl:1


NOTIFY * HTTP/1.1
Host:239.255.255.250:1900
NT:urn:microsoft.com:service:X_MS_MediaReceiverRegistrar:1
NTS:ssdp:alive
Location:http://10.1.9.53:2869/upnphost/udhisapi.dll?content=uuid:9da644f7-f226-4c6e-948c-d2f2a26b7904
USN:uuid:9da644f7-f226-4c6e-948c-d2f2a26b7904::urn:microsoft.com:service:X_MS_MediaReceiverRegistrar:1
Cache-Control:max-age=900
Server:Microsoft-Windows-NT/5.1 UPnP/1.0 UPnP-Device-Host/1.0
OPT:"http://schemas.upnp.org/upnp/1/0/"; ns=01
01-NLS:881c4f2dc77f1ca34a31c72527c7e9a3


NOTIFY * HTTP/1.1
Host:239.255.255.250:1900
NT:upnp:rootdevice
NTS:ssdp:alive
Location:http://10.1.9.53:2869/upnphost/udhisapi.dll?content=uuid:9da644f7-f226-4c6e-948c-d2f2a26b7904
USN:uuid:9da644f7-f226-4c6e-948c-d2f2a26b7904::upnp:rootdevice
Cache-Control:max-age=900
Server:Microsoft-Windows-NT/5.1 UPnP/1.0 UPnP-Device-Host/1.0
OPT:"http://schemas.upnp.org/upnp/1/0/"; ns=01
01-NLS:881c4f2dc77f1ca34a31c72527c7e9a3


NOTIFY * HTTP/1.1
Host:239.255.255.250:1900
NT:urn:schemas-upnp-org:device:MediaServer:1
NTS:ssdp:alive
Location:http://10.1.9.53:2869/upnphost/udhisapi.dll?content=uuid:9da644f7-f226-4c6e-948c-d2f2a26b7904
USN:uuid:9da644f7-f226-4c6e-948c-d2f2a26b7904::urn:schemas-upnp-org:device:MediaServer:1
Cache-Control:max-age=900
Server:Microsoft-Windows-NT/5.1 UPnP/1.0 UPnP-Device-Host/1.0
OPT:"http://schemas.upnp.org/upnp/1/0/"; ns=01
01-NLS:881c4f2dc77f1ca34a31c72527c7e9a3


NOTIFY * HTTP/1.1
Host:239.255.255.250:1900
NT:uuid:9da644f7-f226-4c6e-948c-d2f2a26b7904
NTS:ssdp:alive
Location:http://10.1.9.53:2869/upnphost/udhisapi.dll?content=uuid:9da644f7-f226-4c6e-948c-d2f2a26b7904
USN:uuid:9da644f7-f226-4c6e-948c-d2f2a26b7904
Cache-Control:max-age=900
Server:Microsoft-Windows-NT/5.1 UPnP/1.0 UPnP-Device-Host/1.0
OPT:"http://schemas.upnp.org/upnp/1/0/"; ns=01
01-NLS:881c4f2dc77f1ca34a31c72527c7e9a3


NOTIFY * HTTP/1.1
Host: 239.255.255.250:1900
Cache-Control: max-age=120
Location: http://10.1.9.227:80/cgi-bin/gethwinfo
Server: Linux UPnP/1.0 AVerUPnP/1.0
NT: urn:schemas-avermedia-com:avercaster:1
USN: uuid:00000000-0000-0000-0000-000000000000::urn:schemas-avermedia-com:avercaster:1
NTS: ssdp:alive


NOTIFY * HTTP/1.1
Host: 239.255.255.250:1900
Cache-Control: max-age=120
Location: http://10.1.9.227:80/cgi-bin/gethwinfo
Server: Linux UPnP/1.0 AVerUPnP/1.0
NT: urn:schemas-avermedia-com:avercaster:1
USN: uuid:00000000-0000-0000-0000-000000000000::urn:schemas-avermedia-com:avercaster:1
NTS: ssdp:alive


NOTIFY * HTTP/1.1
Host: 239.255.255.250:1900
Cache-Control: max-age=120
Location: http://10.1.9.227:80/cgi-bin/gethwinfo
Server: Linux UPnP/1.0 AVerUPnP/1.0
NT: urn:schemas-avermedia-com:avercaster:1
USN: uuid:00000000-0000-0000-0000-000000000000::urn:schemas-avermedia-com:avercaster:1
NTS: ssdp:alive


NOTIFY * HTTP/1.1
LOCATION: http://10.1.9.97:52530/
DATE: Thu, 12 Nov 2015 1:19:44 GMT
HOST: 239.255.255.250:1900
SERVER: WINDOWS, UPnP/1.0, Intel MicroStack/1.0.1497
NTS: ssdp:alive
USN: uuid:b76a6f87-1124-1ddd-4912-8da59c32e16a::upnp:rootdevice
CACHE-CONTROL: max-age=300
NT: upnp:rootdevice


NOTIFY * HTTP/1.1
Host:239.255.255.250:1900
NT:urn:schemas-upnp-org:service:ContentDirectory:1
NTS:ssdp:alive
Location:http://10.1.9.53:2869/upnphost/udhisapi.dll?content=uuid:9da644f7-f226-4c6e-948c-d2f2a26b7904
USN:uuid:9da644f7-f226-4c6e-948c-d2f2a26b7904::urn:schemas-upnp-org:service:ContentDirectory:1
Cache-Control:max-age=900
Server:Microsoft-Windows-NT/5.1 UPnP/1.0 UPnP-Device-Host/1.0
OPT:"http://schemas.upnp.org/upnp/1/0/"; ns=01
01-NLS:881c4f2dc77f1ca34a31c72527c7e9a3


NOTIFY * HTTP/1.1
Host:239.255.255.250:1900
NT:urn:schemas-upnp-org:service:ConnectionManager:1
NTS:ssdp:alive
Location:http://10.1.9.53:2869/upnphost/udhisapi.dll?content=uuid:9da644f7-f226-4c6e-948c-d2f2a26b7904
USN:uuid:9da644f7-f226-4c6e-948c-d2f2a26b7904::urn:schemas-upnp-org:service:ConnectionManager:1
Cache-Control:max-age=900
Server:Microsoft-Windows-NT/5.1 UPnP/1.0 UPnP-Device-Host/1.0
OPT:"http://schemas.upnp.org/upnp/1/0/"; ns=01
01-NLS:881c4f2dc77f1ca34a31c72527c7e9a3


NOTIFY * HTTP/1.1
Host:239.255.255.250:1900
NT:urn:microsoft.com:service:X_MS_MediaReceiverRegistrar:1
NTS:ssdp:alive
Location:http://10.1.9.53:2869/upnphost/udhisapi.dll?content=uuid:9da644f7-f226-4c6e-948c-d2f2a26b7904
USN:uuid:9da644f7-f226-4c6e-948c-d2f2a26b7904::urn:microsoft.com:service:X_MS_MediaReceiverRegistrar:1
Cache-Control:max-age=900
Server:Microsoft-Windows-NT/5.1 UPnP/1.0 UPnP-Device-Host/1.0
OPT:"http://schemas.upnp.org/upnp/1/0/"; ns=01
01-NLS:881c4f2dc77f1ca34a31c72527c7e9a3


NOTIFY * HTTP/1.1
Host:239.255.255.250:1900
NT:uuid:9da644f7-f226-4c6e-948c-d2f2a26b7904
NTS:ssdp:alive
Location:http://10.1.9.53:2869/upnphost/udhisapi.dll?content=uuid:9da644f7-f226-4c6e-948c-d2f2a26b7904
USN:uuid:9da644f7-f226-4c6e-948c-d2f2a26b7904
Cache-Control:max-age=900
Server:Microsoft-Windows-NT/5.1 UPnP/1.0 UPnP-Device-Host/1.0
OPT:"http://schemas.upnp.org/upnp/1/0/"; ns=01
01-NLS:881c4f2dc77f1ca34a31c72527c7e9a3


NOTIFY * HTTP/1.1
Host:239.255.255.250:1900
NT:urn:schemas-upnp-org:device:MediaServer:1
NTS:ssdp:alive
Location:http://10.1.9.53:2869/upnphost/udhisapi.dll?content=uuid:9da644f7-f226-4c6e-948c-d2f2a26b7904
USN:uuid:9da644f7-f226-4c6e-948c-d2f2a26b7904::urn:schemas-upnp-org:device:MediaServer:1
Cache-Control:max-age=900
Server:Microsoft-Windows-NT/5.1 UPnP/1.0 UPnP-Device-Host/1.0
OPT:"http://schemas.upnp.org/upnp/1/0/"; ns=01
01-NLS:881c4f2dc77f1ca34a31c72527c7e9a3


NOTIFY * HTTP/1.1
Host:239.255.255.250:1900
NT:upnp:rootdevice
NTS:ssdp:alive
Location:http://10.1.9.53:2869/upnphost/udhisapi.dll?content=uuid:9da644f7-f226-4c6e-948c-d2f2a26b7904
USN:uuid:9da644f7-f226-4c6e-948c-d2f2a26b7904::upnp:rootdevice
Cache-Control:max-age=900
Server:Microsoft-Windows-NT/5.1 UPnP/1.0 UPnP-Device-Host/1.0
OPT:"http://schemas.upnp.org/upnp/1/0/"; ns=01
01-NLS:881c4f2dc77f1ca34a31c72527c7e9a3


NOTIFY * HTTP/1.1
Host: 239.255.255.250:1900
Cache-Control: max-age=120
Location: http://10.1.9.59:80/cgi-bin/gethwinfo
Server: Linux UPnP/1.0 AVerUPnP/1.0
NT: urn:schemas-avermedia-com:avercaster:1
USN: uuid:00000000-0000-0000-0000-000000000000::urn:schemas-avermedia-com:avercaster:1
NTS: ssdp:alive


NOTIFY * HTTP/1.1
Host: 239.255.255.250:1900
Cache-Control: max-age=120
Location: http://10.1.9.59:80/cgi-bin/gethwinfo
Server: Linux UPnP/1.0 AVerUPnP/1.0
NT: urn:schemas-avermedia-com:avercaster:1
USN: uuid:00000000-0000-0000-0000-000000000000::urn:schemas-avermedia-com:avercaster:1
NTS: ssdp:alive


NOTIFY * HTTP/1.1
Host: 239.255.255.250:1900
Cache-Control: max-age=120
Location: http://10.1.9.59:80/cgi-bin/gethwinfo
Server: Linux UPnP/1.0 AVerUPnP/1.0
NT: urn:schemas-avermedia-com:avercaster:1
USN: uuid:00000000-0000-0000-0000-000000000000::urn:schemas-avermedia-com:avercaster:1
NTS: ssdp:alive


