[Message:]
NOTIFY * HTTP/1.1
LOCATION: http://10.1.9.97:52530/
DATE: Thu, 12 Nov 2015 2:8:42 GMT
HOST: 239.255.255.250:1900
SERVER: WINDOWS, UPnP/1.0, Intel MicroStack/1.0.1497
NTS: ssdp:alive
USN: uuid:b76a6f87-1124-1ddd-4912-8da59c32e16a::urn:schemas-upnp-org:service:ConnectionManager:1
CACHE-CONTROL: max-age=300
NT: urn:schemas-upnp-org:service:ConnectionManager:1


[Address]
10.1.9.97


[Message:]
NOTIFY * HTTP/1.1
Host: 239.255.255.250:1900
Cache-Control: max-age=120
Location: http://10.1.9.227:80/cgi-bin/gethwinfo
Server: Linux UPnP/1.0 AVerUPnP/1.0
NT: urn:schemas-avermedia-com:avercaster:1
USN: uuid:00000000-0000-0000-0000-000000000000::urn:schemas-avermedia-com:avercaster:1
NTS: ssdp:alive


[Address]
10.1.9.227


[Message:]
NOTIFY * HTTP/1.1
Host: 239.255.255.250:1900
Cache-Control: max-age=120
Location: http://10.1.9.227:80/cgi-bin/gethwinfo
Server: Linux UPnP/1.0 AVerUPnP/1.0
NT: urn:schemas-avermedia-com:avercaster:1
USN: uuid:00000000-0000-0000-0000-000000000000::urn:schemas-avermedia-com:avercaster:1
NTS: ssdp:alive


[Address]
10.1.9.227


[Message:]
NOTIFY * HTTP/1.1
Host: 239.255.255.250:1900
Cache-Control: max-age=120
Location: http://10.1.9.227:80/cgi-bin/gethwinfo
Server: Linux UPnP/1.0 AVerUPnP/1.0
NT: urn:schemas-avermedia-com:avercaster:1
USN: uuid:00000000-0000-0000-0000-000000000000::urn:schemas-avermedia-com:avercaster:1
NTS: ssdp:alive


[Address]
10.1.9.227


[Message:]
NOTIFY * HTTP/1.1
LOCATION: http://10.1.9.97:52530/
DATE: Thu, 12 Nov 2015 2:8:44 GMT
HOST: 239.255.255.250:1900
SERVER: WINDOWS, UPnP/1.0, Intel MicroStack/1.0.1497
NTS: ssdp:alive
USN: uuid:b76a6f87-1124-1ddd-4912-8da59c32e16a::urn:schemas-upnp-org:device:MediaServer:1
CACHE-CONTROL: max-age=300
NT: urn:schemas-upnp-org:device:MediaServer:1


[Address]
10.1.9.97


[Message:]
NOTIFY * HTTP/1.1
LOCATION: http://10.1.9.97:52530/
DATE: Thu, 12 Nov 2015 2:8:45 GMT
HOST: 239.255.255.250:1900
SERVER: WINDOWS, UPnP/1.0, Intel MicroStack/1.0.1497
NTS: ssdp:alive
USN: uuid:b76a6f87-1124-1ddd-4912-8da59c32e16a
CACHE-CONTROL: max-age=300
NT: uuid:b76a6f87-1124-1ddd-4912-8da59c32e16a


[Address]
10.1.9.97


[Message:]
NOTIFY * HTTP/1.1
Host: 239.255.255.250:1900
Cache-Control: max-age=120
Location: http://10.1.9.81:80/cgi-bin/gethwinfo
Server: Linux UPnP/1.0 AVerUPnP/1.0
NT: urn:schemas-avermedia-com:avercaster:1
USN: uuid:00000000-0000-0000-0000-000000000000::urn:schemas-avermedia-com:avercaster:1
NTS: ssdp:alive


[Address]
10.1.9.81


[Message:]
NOTIFY * HTTP/1.1
Host: 239.255.255.250:1900
Cache-Control: max-age=120
Location: http://10.1.9.81:80/cgi-bin/gethwinfo
Server: Linux UPnP/1.0 AVerUPnP/1.0
NT: urn:schemas-avermedia-com:avercaster:1
USN: uuid:00000000-0000-0000-0000-000000000000::urn:schemas-avermedia-com:avercaster:1
NTS: ssdp:alive


[Address]
10.1.9.81


[Message:]
NOTIFY * HTTP/1.1
Host: 239.255.255.250:1900
Cache-Control: max-age=120
Location: http://10.1.9.81:80/cgi-bin/gethwinfo
Server: Linux UPnP/1.0 AVerUPnP/1.0
NT: urn:schemas-avermedia-com:avercaster:1
USN: uuid:00000000-0000-0000-0000-000000000000::urn:schemas-avermedia-com:avercaster:1
NTS: ssdp:alive


[Address]
10.1.9.81


[Message:]
NOTIFY * HTTP/1.1
LOCATION: http://10.1.9.97:52530/
DATE: Thu, 12 Nov 2015 2:8:45 GMT
HOST: 239.255.255.250:1900
SERVER: WINDOWS, UPnP/1.0, Intel MicroStack/1.0.1497
NTS: ssdp:alive
USN: uuid:b76a6f87-1124-1ddd-4912-8da59c32e16a::urn:microsoft.com:service:X_MS_MediaReceiverRegistrar:1
CACHE-CONTROL: max-age=300
NT: urn:microsoft.com:service:X_MS_MediaReceiverRegistrar:1


[Address]
10.1.9.97


[Message:]
NOTIFY * HTTP/1.1
LOCATION: http://10.1.9.97:52530/
DATE: Thu, 12 Nov 2015 2:8:45 GMT
HOST: 239.255.255.250:1900
SERVER: WINDOWS, UPnP/1.0, Intel MicroStack/1.0.1497
NTS: ssdp:alive
USN: uuid:b76a6f87-1124-1ddd-4912-8da59c32e16a::urn:microsoft.com:service:X_MS_MediaReceiverRegistrar:1
CACHE-CONTROL: max-age=300
NT: urn:microsoft.com:service:X_MS_MediaReceiverRegistrar:1


[Address]
10.1.9.97


[Message:]
NOTIFY * HTTP/1.1
LOCATION: http://10.1.9.97:52530/
DATE: Thu, 12 Nov 2015 2:8:46 GMT
HOST: 239.255.255.250:1900
SERVER: WINDOWS, UPnP/1.0, Intel MicroStack/1.0.1497
NTS: ssdp:alive
USN: uuid:b76a6f87-1124-1ddd-4912-8da59c32e16a::urn:schemas-cyberlink-com:service:RemoteControl:1
CACHE-CONTROL: max-age=300
NT: urn:schemas-cyberlink-com:service:RemoteControl:1


[Address]
10.1.9.97


[Message:]
NOTIFY * HTTP/1.1
LOCATION: http://10.1.9.97:52530/
DATE: Thu, 12 Nov 2015 2:8:46 GMT
HOST: 239.255.255.250:1900
SERVER: WINDOWS, UPnP/1.0, Intel MicroStack/1.0.1497
NTS: ssdp:alive
USN: uuid:b76a6f87-1124-1ddd-4912-8da59c32e16a::urn:schemas-cyberlink-com:service:SyncControl:1
CACHE-CONTROL: max-age=300
NT: urn:schemas-cyberlink-com:service:SyncControl:1


[Address]
10.1.9.97


[Message:]
NOTIFY * HTTP/1.1
LOCATION: http://10.1.9.97:52530/
DATE: Thu, 12 Nov 2015 2:8:46 GMT
HOST: 239.255.255.250:1900
SERVER: WINDOWS, UPnP/1.0, Intel MicroStack/1.0.1497
NTS: ssdp:alive
USN: uuid:b76a6f87-1124-1ddd-4912-8da59c32e16a::urn:schemas-upnp-org:service:ContentDirectory:1
CACHE-CONTROL: max-age=300
NT: urn:schemas-upnp-org:service:ContentDirectory:1


[Address]
10.1.9.97


[Message:]
NOTIFY * HTTP/1.1
LOCATION: http://10.1.9.97:52530/
DATE: Thu, 12 Nov 2015 2:8:46 GMT
HOST: 239.255.255.250:1900
SERVER: WINDOWS, UPnP/1.0, Intel MicroStack/1.0.1497
NTS: ssdp:alive
USN: uuid:b76a6f87-1124-1ddd-4912-8da59c32e16a::upnp:rootdevice
CACHE-CONTROL: max-age=300
NT: upnp:rootdevice


[Address]
10.1.9.97


[Message:]
NOTIFY * HTTP/1.1
LOCATION: http://10.1.9.97:52530/
DATE: Thu, 12 Nov 2015 2:8:46 GMT
HOST: 239.255.255.250:1900
SERVER: WINDOWS, UPnP/1.0, Intel MicroStack/1.0.1497
NTS: ssdp:alive
USN: uuid:b76a6f87-1124-1ddd-4912-8da59c32e16a::urn:schemas-upnp-org:service:ConnectionManager:1
CACHE-CONTROL: max-age=300
NT: urn:schemas-upnp-org:service:ConnectionManager:1


[Address]
10.1.9.97


[Message:]
NOTIFY * HTTP/1.1
LOCATION: http://10.1.9.97:52530/
DATE: Thu, 12 Nov 2015 2:8:46 GMT
HOST: 239.255.255.250:1900
SERVER: WINDOWS, UPnP/1.0, Intel MicroStack/1.0.1497
NTS: ssdp:alive
USN: uuid:b76a6f87-1124-1ddd-4912-8da59c32e16a
CACHE-CONTROL: max-age=300
NT: uuid:b76a6f87-1124-1ddd-4912-8da59c32e16a


[Address]
10.1.9.97


[Message:]
NOTIFY * HTTP/1.1
LOCATION: http://10.1.9.97:52530/
DATE: Thu, 12 Nov 2015 2:8:46 GMT
HOST: 239.255.255.250:1900
SERVER: WINDOWS, UPnP/1.0, Intel MicroStack/1.0.1497
NTS: ssdp:alive
USN: uuid:b76a6f87-1124-1ddd-4912-8da59c32e16a::urn:schemas-upnp-org:device:MediaServer:1
CACHE-CONTROL: max-age=300
NT: urn:schemas-upnp-org:device:MediaServer:1


[Address]
10.1.9.97


[Message:]
NOTIFY * HTTP/1.1
Host: 239.255.255.250:1900
Cache-Control: max-age=120
Location: http://10.1.9.227:80/cgi-bin/gethwinfo
Server: Linux UPnP/1.0 AVerUPnP/1.0
NT: urn:schemas-avermedia-com:avercaster:1
USN: uuid:00000000-0000-0000-0000-000000000000::urn:schemas-avermedia-com:avercaster:1
NTS: ssdp:alive


[Address]
10.1.9.227


[Message:]
NOTIFY * HTTP/1.1
Host: 239.255.255.250:1900
Cache-Control: max-age=120
Location: http://10.1.9.227:80/cgi-bin/gethwinfo
Server: Linux UPnP/1.0 AVerUPnP/1.0
NT: urn:schemas-avermedia-com:avercaster:1
USN: uuid:00000000-0000-0000-0000-000000000000::urn:schemas-avermedia-com:avercaster:1
NTS: ssdp:alive


[Address]
10.1.9.227


[Message:]
NOTIFY * HTTP/1.1
Host: 239.255.255.250:1900
Cache-Control: max-age=120
Location: http://10.1.9.227:80/cgi-bin/gethwinfo
Server: Linux UPnP/1.0 AVerUPnP/1.0
NT: urn:schemas-avermedia-com:avercaster:1
USN: uuid:00000000-0000-0000-0000-000000000000::urn:schemas-avermedia-com:avercaster:1
NTS: ssdp:alive


[Address]
10.1.9.227


[Message:]
NOTIFY * HTTP/1.1
LOCATION: http://10.1.9.97:52530/
DATE: Thu, 12 Nov 2015 2:8:46 GMT
HOST: 239.255.255.250:1900
SERVER: WINDOWS, UPnP/1.0, Intel MicroStack/1.0.1497
NTS: ssdp:alive
USN: uuid:b76a6f87-1124-1ddd-4912-8da59c32e16a::urn:schemas-cyberlink-com:service:RemoteControl:1
CACHE-CONTROL: max-age=300
NT: urn:schemas-cyberlink-com:service:RemoteControl:1


[Address]
10.1.9.97


[Message:]
NOTIFY * HTTP/1.1
Host: 239.255.255.250:1900
Cache-Control: max-age=120
Location: http://10.1.9.8:80/devicelist.xml
Server: AVerUPnP/1.0
NT: urn:schemas-avermedia-com:homefree:2
USN: uuid:00000000-0000-0000-0000-000000000000::urn:schemas-avermedia-com:homefree:2
NTS: ssdp:alive


[Address]
10.1.9.8


[Message:]
NOTIFY * HTTP/1.1
LOCATION: http://10.1.9.97:52530/
DATE: Thu, 12 Nov 2015 2:8:47 GMT
HOST: 239.255.255.250:1900
SERVER: WINDOWS, UPnP/1.0, Intel MicroStack/1.0.1497
NTS: ssdp:alive
USN: uuid:b76a6f87-1124-1ddd-4912-8da59c32e16a::urn:schemas-upnp-org:service:ContentDirectory:1
CACHE-CONTROL: max-age=300
NT: urn:schemas-upnp-org:service:ContentDirectory:1


[Address]
10.1.9.97


[Message:]
NOTIFY * HTTP/1.1
LOCATION: http://10.1.9.97:52530/
DATE: Thu, 12 Nov 2015 2:8:47 GMT
HOST: 239.255.255.250:1900
SERVER: WINDOWS, UPnP/1.0, Intel MicroStack/1.0.1497
NTS: ssdp:alive
USN: uuid:b76a6f87-1124-1ddd-4912-8da59c32e16a::urn:schemas-cyberlink-com:service:SyncControl:1
CACHE-CONTROL: max-age=300
NT: urn:schemas-cyberlink-com:service:SyncControl:1


[Address]
10.1.9.97


[Message:]
NOTIFY * HTTP/1.1
LOCATION: http://10.1.9.97:52530/
DATE: Thu, 12 Nov 2015 2:8:47 GMT
HOST: 239.255.255.250:1900
SERVER: WINDOWS, UPnP/1.0, Intel MicroStack/1.0.1497
NTS: ssdp:alive
USN: uuid:b76a6f87-1124-1ddd-4912-8da59c32e16a::upnp:rootdevice
CACHE-CONTROL: max-age=300
NT: upnp:rootdevice


[Address]
10.1.9.97


[Message:]
NOTIFY * HTTP/1.1
Host:239.255.255.250:1900
NT:urn:microsoft.com:service:X_MS_MediaReceiverRegistrar:1
NTS:ssdp:alive
Location:http://10.1.9.25:2869/upnphost/udhisapi.dll?content=uuid:b880c60f-3ef6-42e0-85bf-b82268420047
USN:uuid:b880c60f-3ef6-42e0-85bf-b82268420047::urn:microsoft.com:service:X_MS_MediaReceiverRegistrar:1
Cache-Control:max-age=900
Server:Microsoft-Windows-NT/5.1 UPnP/1.0 UPnP-Device-Host/1.0
OPT:"http://schemas.upnp.org/upnp/1/0/"; ns=01
01-NLS:98651e9d584eab468831318671ceed9b


[Address]
10.1.9.25


[Message:]
NOTIFY * HTTP/1.1
Host:239.255.255.250:1900
NT:urn:schemas-upnp-org:service:ConnectionManager:1
NTS:ssdp:alive
Location:http://10.1.9.25:2869/upnphost/udhisapi.dll?content=uuid:b880c60f-3ef6-42e0-85bf-b82268420047
USN:uuid:b880c60f-3ef6-42e0-85bf-b82268420047::urn:schemas-upnp-org:service:ConnectionManager:1
Cache-Control:max-age=900
Server:Microsoft-Windows-NT/5.1 UPnP/1.0 UPnP-Device-Host/1.0
OPT:"http://schemas.upnp.org/upnp/1/0/"; ns=01
01-NLS:98651e9d584eab468831318671ceed9b


[Address]
10.1.9.25


[Message:]
NOTIFY * HTTP/1.1
Host:239.255.255.250:1900
NT:urn:schemas-upnp-org:service:ContentDirectory:1
NTS:ssdp:alive
Location:http://10.1.9.25:2869/upnphost/udhisapi.dll?content=uuid:b880c60f-3ef6-42e0-85bf-b82268420047
USN:uuid:b880c60f-3ef6-42e0-85bf-b82268420047::urn:schemas-upnp-org:service:ContentDirectory:1
Cache-Control:max-age=900
Server:Microsoft-Windows-NT/5.1 UPnP/1.0 UPnP-Device-Host/1.0
OPT:"http://schemas.upnp.org/upnp/1/0/"; ns=01
01-NLS:98651e9d584eab468831318671ceed9b


[Address]
10.1.9.25


[Message:]
NOTIFY * HTTP/1.1
Host:239.255.255.250:1900
NT:upnp:rootdevice
NTS:ssdp:alive
Location:http://10.1.9.25:2869/upnphost/udhisapi.dll?content=uuid:b880c60f-3ef6-42e0-85bf-b82268420047
USN:uuid:b880c60f-3ef6-42e0-85bf-b82268420047::upnp:rootdevice
Cache-Control:max-age=900
Server:Microsoft-Windows-NT/5.1 UPnP/1.0 UPnP-Device-Host/1.0
OPT:"http://schemas.upnp.org/upnp/1/0/"; ns=01
01-NLS:98651e9d584eab468831318671ceed9b


[Address]
10.1.9.25


[Message:]
AVerCMS_IP:
AVerCMS_PORT:

[Address]
10.1.9.25


[Message:]
NOTIFY * HTTP/1.1
Host:239.255.255.250:1900
NT:uuid:b880c60f-3ef6-42e0-85bf-b82268420047
NTS:ssdp:alive
Location:http://10.1.9.25:2869/upnphost/udhisapi.dll?content=uuid:b880c60f-3ef6-42e0-85bf-b82268420047
USN:uuid:b880c60f-3ef6-42e0-85bf-b82268420047
Cache-Control:max-age=900
Server:Microsoft-Windows-NT/5.1 UPnP/1.0 UPnP-Device-Host/1.0
OPT:"http://schemas.upnp.org/upnp/1/0/"; ns=01
01-NLS:98651e9d584eab468831318671ceed9b


[Address]
10.1.9.25


[Message:]
AVerCMS_IP:
AVerCMS_PORT:

[Address]
10.1.9.25


[Message:]
NOTIFY * HTTP/1.1
Host: 239.255.255.250:1900
Cache-Control: max-age=120
Location: http://10.1.9.81:80/cgi-bin/gethwinfo
Server: Linux UPnP/1.0 AVerUPnP/1.0
NT: urn:schemas-avermedia-com:avercaster:1
USN: uuid:00000000-0000-0000-0000-000000000000::urn:schemas-avermedia-com:avercaster:1
NTS: ssdp:alive


[Address]
10.1.9.81


[Message:]
NOTIFY * HTTP/1.1
Host: 239.255.255.250:1900
Cache-Control: max-age=120
Location: http://10.1.9.81:80/cgi-bin/gethwinfo
Server: Linux UPnP/1.0 AVerUPnP/1.0
NT: urn:schemas-avermedia-com:avercaster:1
USN: uuid:00000000-0000-0000-0000-000000000000::urn:schemas-avermedia-com:avercaster:1
NTS: ssdp:alive


[Address]
10.1.9.81


[Message:]
NOTIFY * HTTP/1.1
Host: 239.255.255.250:1900
Cache-Control: max-age=120
Location: http://10.1.9.81:80/cgi-bin/gethwinfo
Server: Linux UPnP/1.0 AVerUPnP/1.0
NT: urn:schemas-avermedia-com:avercaster:1
USN: uuid:00000000-0000-0000-0000-000000000000::urn:schemas-avermedia-com:avercaster:1
NTS: ssdp:alive


[Address]
10.1.9.81


[Message:]
NOTIFY * HTTP/1.1
Host:239.255.255.250:1900
NT:urn:schemas-upnp-org:device:MediaServer:1
NTS:ssdp:alive
Location:http://10.1.9.25:2869/upnphost/udhisapi.dll?content=uuid:b880c60f-3ef6-42e0-85bf-b82268420047
USN:uuid:b880c60f-3ef6-42e0-85bf-b82268420047::urn:schemas-upnp-org:device:MediaServer:1
Cache-Control:max-age=900
Server:Microsoft-Windows-NT/5.1 UPnP/1.0 UPnP-Device-Host/1.0
OPT:"http://schemas.upnp.org/upnp/1/0/"; ns=01
01-NLS:98651e9d584eab468831318671ceed9b


[Address]
10.1.9.25


[Message:]
AVerCMS_IP:
AVerCMS_PORT:

[Address]
10.1.9.25


[Message:]
NOTIFY * HTTP/1.1
Host: 239.255.255.250:1900
Cache-Control: max-age=120
Location: http://10.1.9.77:80/cgi-bin/gethwinfo
Server: Linux UPnP/1.0 AVerUPnP/1.0
NT: urn:schemas-avermedia-com:avercaster:1
USN: uuid:00000000-0000-0000-0000-000000000000::urn:schemas-avermedia-com:avercaster:1
NTS: ssdp:alive


[Address]
10.1.9.77


[Message:]
NOTIFY * HTTP/1.1
Host: 239.255.255.250:1900
Cache-Control: max-age=120
Location: http://10.1.9.77:80/cgi-bin/gethwinfo
Server: Linux UPnP/1.0 AVerUPnP/1.0
NT: urn:schemas-avermedia-com:avercaster:1
USN: uuid:00000000-0000-0000-0000-000000000000::urn:schemas-avermedia-com:avercaster:1
NTS: ssdp:alive


[Address]
10.1.9.77


[Message:]
NOTIFY * HTTP/1.1
Host: 239.255.255.250:1900
Cache-Control: max-age=120
Location: http://10.1.9.77:80/cgi-bin/gethwinfo
Server: Linux UPnP/1.0 AVerUPnP/1.0
NT: urn:schemas-avermedia-com:avercaster:1
USN: uuid:00000000-0000-0000-0000-000000000000::urn:schemas-avermedia-com:avercaster:1
NTS: ssdp:alive


[Address]
10.1.9.77


[Message:]
NOTIFY * HTTP/1.1
Host:239.255.255.250:1900
NT:urn:microsoft.com:service:X_MS_MediaReceiverRegistrar:1
NTS:ssdp:alive
Location:http://10.1.9.25:2869/upnphost/udhisapi.dll?content=uuid:b880c60f-3ef6-42e0-85bf-b82268420047
USN:uuid:b880c60f-3ef6-42e0-85bf-b82268420047::urn:microsoft.com:service:X_MS_MediaReceiverRegistrar:1
Cache-Control:max-age=900
Server:Microsoft-Windows-NT/5.1 UPnP/1.0 UPnP-Device-Host/1.0
OPT:"http://schemas.upnp.org/upnp/1/0/"; ns=01
01-NLS:98651e9d584eab468831318671ceed9b


[Address]
10.1.9.25


[Message:]
NOTIFY * HTTP/1.1
Host:239.255.255.250:1900
NT:urn:schemas-upnp-org:service:ConnectionManager:1
NTS:ssdp:alive
Location:http://10.1.9.25:2869/upnphost/udhisapi.dll?content=uuid:b880c60f-3ef6-42e0-85bf-b82268420047
USN:uuid:b880c60f-3ef6-42e0-85bf-b82268420047::urn:schemas-upnp-org:service:ConnectionManager:1
Cache-Control:max-age=900
Server:Microsoft-Windows-NT/5.1 UPnP/1.0 UPnP-Device-Host/1.0
OPT:"http://schemas.upnp.org/upnp/1/0/"; ns=01
01-NLS:98651e9d584eab468831318671ceed9b


[Address]
10.1.9.25


[Message:]
NOTIFY * HTTP/1.1
Host: 239.255.255.250:1900
Cache-Control: max-age=120
Location: http://10.1.9.227:80/cgi-bin/gethwinfo
Server: Linux UPnP/1.0 AVerUPnP/1.0
NT: urn:schemas-avermedia-com:avercaster:1
USN: uuid:00000000-0000-0000-0000-000000000000::urn:schemas-avermedia-com:avercaster:1
NTS: ssdp:alive


[Address]
10.1.9.227


[Message:]
NOTIFY * HTTP/1.1
Host: 239.255.255.250:1900
Cache-Control: max-age=120
Location: http://10.1.9.227:80/cgi-bin/gethwinfo
Server: Linux UPnP/1.0 AVerUPnP/1.0
NT: urn:schemas-avermedia-com:avercaster:1
USN: uuid:00000000-0000-0000-0000-000000000000::urn:schemas-avermedia-com:avercaster:1
NTS: ssdp:alive


[Address]
10.1.9.227


[Message:]
NOTIFY * HTTP/1.1
Host: 239.255.255.250:1900
Cache-Control: max-age=120
Location: http://10.1.9.227:80/cgi-bin/gethwinfo
Server: Linux UPnP/1.0 AVerUPnP/1.0
NT: urn:schemas-avermedia-com:avercaster:1
USN: uuid:00000000-0000-0000-0000-000000000000::urn:schemas-avermedia-com:avercaster:1
NTS: ssdp:alive


[Address]
10.1.9.227


[Message:]
NOTIFY * HTTP/1.1
Host:239.255.255.250:1900
NT:urn:schemas-upnp-org:service:ContentDirectory:1
NTS:ssdp:alive
Location:http://10.1.9.25:2869/upnphost/udhisapi.dll?content=uuid:b880c60f-3ef6-42e0-85bf-b82268420047
USN:uuid:b880c60f-3ef6-42e0-85bf-b82268420047::urn:schemas-upnp-org:service:ContentDirectory:1
Cache-Control:max-age=900
Server:Microsoft-Windows-NT/5.1 UPnP/1.0 UPnP-Device-Host/1.0
OPT:"http://schemas.upnp.org/upnp/1/0/"; ns=01
01-NLS:98651e9d584eab468831318671ceed9b


[Address]
10.1.9.25


[Message:]
NOTIFY * HTTP/1.1
Host:239.255.255.250:1900
NT:upnp:rootdevice
NTS:ssdp:alive
Location:http://10.1.9.25:2869/upnphost/udhisapi.dll?content=uuid:b880c60f-3ef6-42e0-85bf-b82268420047
USN:uuid:b880c60f-3ef6-42e0-85bf-b82268420047::upnp:rootdevice
Cache-Control:max-age=900
Server:Microsoft-Windows-NT/5.1 UPnP/1.0 UPnP-Device-Host/1.0
OPT:"http://schemas.upnp.org/upnp/1/0/"; ns=01
01-NLS:98651e9d584eab468831318671ceed9b


[Address]
10.1.9.25


[Message:]
AVerCMS_IP:
AVerCMS_PORT:

[Address]
10.1.9.25


[Message:]
NOTIFY * HTTP/1.1
Host:239.255.255.250:1900
NT:uuid:b880c60f-3ef6-42e0-85bf-b82268420047
NTS:ssdp:alive
Location:http://10.1.9.25:2869/upnphost/udhisapi.dll?content=uuid:b880c60f-3ef6-42e0-85bf-b82268420047
USN:uuid:b880c60f-3ef6-42e0-85bf-b82268420047
Cache-Control:max-age=900
Server:Microsoft-Windows-NT/5.1 UPnP/1.0 UPnP-Device-Host/1.0
OPT:"http://schemas.upnp.org/upnp/1/0/"; ns=01
01-NLS:98651e9d584eab468831318671ceed9b


[Address]
10.1.9.25


[Message:]
AVerCMS_IP:
AVerCMS_PORT:

[Address]
10.1.9.25


[Message:]
NOTIFY * HTTP/1.1
LOCATION: http://10.1.9.97:52530/
DATE: Thu, 12 Nov 2015 2:8:52 GMT
HOST: 239.255.255.250:1900
SERVER: WINDOWS, UPnP/1.0, Intel MicroStack/1.0.1497
NTS: ssdp:alive
USN: uuid:b76a6f87-1124-1ddd-4912-8da59c32e16a::urn:schemas-upnp-org:service:ConnectionManager:1
CACHE-CONTROL: max-age=300
NT: urn:schemas-upnp-org:service:ConnectionManager:1


[Address]
10.1.9.97


[Message:]
NOTIFY * HTTP/1.1
Host:239.255.255.250:1900
NT:urn:schemas-upnp-org:device:MediaServer:1
NTS:ssdp:alive
Location:http://10.1.9.25:2869/upnphost/udhisapi.dll?content=uuid:b880c60f-3ef6-42e0-85bf-b82268420047
USN:uuid:b880c60f-3ef6-42e0-85bf-b82268420047::urn:schemas-upnp-org:device:MediaServer:1
Cache-Control:max-age=900
Server:Microsoft-Windows-NT/5.1 UPnP/1.0 UPnP-Device-Host/1.0
OPT:"http://schemas.upnp.org/upnp/1/0/"; ns=01
01-NLS:98651e9d584eab468831318671ceed9b


[Address]
10.1.9.25


[Message:]
NOTIFY * HTTP/1.1
Host: 239.255.255.250:1900
Cache-Control: max-age=120
Location: http://10.1.9.59:80/cgi-bin/gethwinfo
Server: Linux UPnP/1.0 AVerUPnP/1.0
NT: urn:schemas-avermedia-com:avercaster:1
USN: uuid:00000000-0000-0000-0000-000000000000::urn:schemas-avermedia-com:avercaster:1
NTS: ssdp:alive


[Address]
10.1.9.59


[Message:]
NOTIFY * HTTP/1.1
Host: 239.255.255.250:1900
Cache-Control: max-age=120
Location: http://10.1.9.59:80/cgi-bin/gethwinfo
Server: Linux UPnP/1.0 AVerUPnP/1.0
NT: urn:schemas-avermedia-com:avercaster:1
USN: uuid:00000000-0000-0000-0000-000000000000::urn:schemas-avermedia-com:avercaster:1
NTS: ssdp:alive


[Address]
10.1.9.59


[Message:]
NOTIFY * HTTP/1.1
Host: 239.255.255.250:1900
Cache-Control: max-age=120
Location: http://10.1.9.59:80/cgi-bin/gethwinfo
Server: Linux UPnP/1.0 AVerUPnP/1.0
NT: urn:schemas-avermedia-com:avercaster:1
USN: uuid:00000000-0000-0000-0000-000000000000::urn:schemas-avermedia-com:avercaster:1
NTS: ssdp:alive


[Address]
10.1.9.59


[Message:]
AVerCMS_IP:
AVerCMS_PORT:

[Address]
10.1.9.25


[Message:]
NOTIFY * HTTP/1.1
Host: 239.255.255.250:1900
Cache-Control: max-age=120
Location: http://10.1.9.81:80/cgi-bin/gethwinfo
Server: Linux UPnP/1.0 AVerUPnP/1.0
NT: urn:schemas-avermedia-com:avercaster:1
USN: uuid:00000000-0000-0000-0000-000000000000::urn:schemas-avermedia-com:avercaster:1
NTS: ssdp:alive


[Address]
10.1.9.81


[Message:]
NOTIFY * HTTP/1.1
Host: 239.255.255.250:1900
Cache-Control: max-age=120
Location: http://10.1.9.81:80/cgi-bin/gethwinfo
Server: Linux UPnP/1.0 AVerUPnP/1.0
NT: urn:schemas-avermedia-com:avercaster:1
USN: uuid:00000000-0000-0000-0000-000000000000::urn:schemas-avermedia-com:avercaster:1
NTS: ssdp:alive


[Address]
10.1.9.81


[Message:]
NOTIFY * HTTP/1.1
Host: 239.255.255.250:1900
Cache-Control: max-age=120
Location: http://10.1.9.81:80/cgi-bin/gethwinfo
Server: Linux UPnP/1.0 AVerUPnP/1.0
NT: urn:schemas-avermedia-com:avercaster:1
USN: uuid:00000000-0000-0000-0000-000000000000::urn:schemas-avermedia-com:avercaster:1
NTS: ssdp:alive


[Address]
10.1.9.81


[Message:]
NOTIFY * HTTP/1.1
Host:239.255.255.250:1900
NT:urn:microsoft.com:service:X_MS_MediaReceiverRegistrar:1
NTS:ssdp:alive
Location:http://10.1.9.25:2869/upnphost/udhisapi.dll?content=uuid:b880c60f-3ef6-42e0-85bf-b82268420047
USN:uuid:b880c60f-3ef6-42e0-85bf-b82268420047::urn:microsoft.com:service:X_MS_MediaReceiverRegistrar:1
Cache-Control:max-age=900
Server:Microsoft-Windows-NT/5.1 UPnP/1.0 UPnP-Device-Host/1.0
OPT:"http://schemas.upnp.org/upnp/1/0/"; ns=01
01-NLS:98651e9d584eab468831318671ceed9b


[Address]
10.1.9.25


